unity-android-resources/build/outputs/logs/manifest-merger-debug-report.txt
-- Merging decision tree log ---
manifest
ADDED from Secret_In_Story_SDK/unity-android-resources/AndroidManifest.xml:1:39-2:103
INJECTED from Secret_In_Story_SDK/unity-android-resources/AndroidManifest.xml:1:39-2:103
INJECTED from Secret_In_Story_SDK/unity-android-resources/AndroidManifest.xml:1:39-2:103
INJECTED from Secret_In_Story_SDK/unity-android-resources/AndroidManifest.xml:1:39-2:103
INJECTED from Secret_In_Story_SDK/unity-android-resources/AndroidManifest.xml:1:39-2:103
INJECTED from Secret_In_Story_SDK/unity-android-resources/AndroidManifest.xml:1:39-2:103
INJECTED from Secret_In_Story_SDK/unity-android-resources/AndroidManifest.xml:1:39-2:103
	package
		ADDED from Secret_In_Story_SDK/unity-android-resources/AndroidManifest.xml:1:108-156
		INJECTED from Secret_In_Story_SDK/unity-android-resources/AndroidManifest.xml
		INJECTED from Secret_In_Story_SDK/unity-android-resources/AndroidManifest.xml
	android:versionName
		ADDED from Secret_In_Story_SDK/unity-android-resources/AndroidManifest.xml:2:25-50
		INJECTED from Secret_In_Story_SDK/unity-android-resources/AndroidManifest.xml
		INJECTED from Secret_In_Story_SDK/unity-android-resources/AndroidManifest.xml
	xmlns:android
		ADDED from Secret_In_Story_SDK/unity-android-resources/AndroidManifest.xml:1:49-107
	android:versionCode
		ADDED from Secret_In_Story_SDK/unity-android-resources/AndroidManifest.xml:2:1-24
		INJECTED from Secret_In_Story_SDK/unity-android-resources/AndroidManifest.xml
		INJECTED from Secret_In_Story_SDK/unity-android-resources/AndroidManifest.xml
uses-sdk
ADDED from Secret_In_Story_SDK/unity-android-resources/AndroidManifest.xml:2:51-92
INJECTED from Secret_In_Story_SDK/unity-android-resources/AndroidManifest.xml:2:51-92
INJECTED from Secret_In_Story_SDK/unity-android-resources/AndroidManifest.xml:2:51-92
	android:targetSdkVersion
		ADDED from Secret_In_Story_SDK/unity-android-resources/AndroidManifest.xml:2:61-90
		INJECTED from Secret_In_Story_SDK/unity-android-resources/AndroidManifest.xml
		INJECTED from Secret_In_Story_SDK/unity-android-resources/AndroidManifest.xml